Arguments: 
  /Users/miyaokakiyoshinari/.nvm/versions/node/v8.11.2/bin/node /usr/local/Cellar/yarn/1.0.2/libexec/bin/yarn.js install

PATH: 
  /usr/local/opt/protobuf@3.1/bin:/Users/miyaokakiyoshinari/.nvm/versions/node/v8.11.2/bin:/Users/miyaokakiyoshinari/workspace/google/google-cloud-sdk/bin:~/local/bin:/Users/miyaokakiyoshinari/.pyenv/shims:/Users/miyaokakiyoshinari/.vscode/bin:/usr/local/go/bin:/Users/miyaokakiyoshinari/.pyenv/bin:/Users/miyaokakiyoshinari/.rbenv/shims:/usr/local/bin:/usr/bin:/bin:/usr/sbin:/sbin:/usr/local/go/bin

Yarn version: 
  1.0.2

Node version: 
  8.11.2

Platform: 
  darwin x64

npm manifest: 
  {
    "name": "diver_mentor",
    "version": "1.0.0",
    "description": "Nuxt.js project",
    "author": "seiyamiyaoka <seiyamiyaoka@gmail.com>",
    "private": true,
    "scripts": {
      "dev": "nuxt",
      "build": "nuxt build",
      "start": "nuxt start",
      "generate": "nuxt generate",
      "lint": "eslint --ext .js,.vue --ignore-path .gitignore .",
      "precommit": "npm run lint"
    },
    "dependencies": {
      "nuxt": "^1.0.0",
      "vue-material": "latest"
    },
    "devDependencies": {
      "babel-eslint": "^7.2.3",
      "eslint": "^4.3.0",
      "eslint-config-standard": "^10.2.1",
      "eslint-loader": "^1.9.0",
      "eslint-plugin-html": "^3.1.1",
      "eslint-plugin-import": "^2.7.0",
      "eslint-plugin-node": "^5.1.1",
      "eslint-plugin-promise": "^3.5.0",
      "eslint-plugin-standard": "^3.0.1",
      "node-sass": "^4.7.2",
      "sass-loader": "^6.0.6"
    }
  }

yarn manifest: 
  No manifest

Lockfile: 
  No lockfile

Trace: 
  Error: https://registry.yarnpkg.com/nuxt: ETIMEDOUT
      at Timeout._onTimeout (/usr/local/Cellar/yarn/1.0.2/libexec/lib/cli.js:118034:19)
      at ontimeout (timers.js:498:11)
      at tryOnTimeout (timers.js:323:5)
      at Timer.listOnTimeout (timers.js:290:5)
